Arguments: 
  C:\Program Files\nodejs\node.exe C:\Users\ASUS TUF GAMING\AppData\Roaming\npm\node_modules\yarn\bin\yarn.js add multer-gridfs-storage gridfs-stream method-overdrive ejs

PATH: 
  C:\Users\ASUS TUF GAMING\bin;C:\Program Files\Git\mingw64\bin;C:\Program Files\Git\usr\local\bin;C:\Program Files\Git\usr\bin;C:\Program Files\Git\usr\bin;C:\Program Files\Git\mingw64\bin;C:\Program Files\Git\usr\bin;C:\Users\ASUS TUF GAMING\bin;C:\Program Files\Common Files\Oracle\Java\javapath;C:\Program Files\NVIDIA GPU Computing Toolkit\CUDA\v11.0\bin;C:\Program Files\NVIDIA GPU Computing Toolkit\CUDA\v11.0\libnvvp;C:\Users\ASUS TUF GAMING\anaconda3\Scripts;C:\Program Files (x86)\Common Files\Intel\Shared Libraries\redist\intel64\compiler;C:\Windows\system32;C:\Windows;C:\Windows\System32\Wbem;C:\Windows\System32\WindowsPowerShell\v1.0;C:\Windows\System32\OpenSSH;C:\Program Files (x86)\NVIDIA Corporation\PhysX\Common;C:\Program Files\NVIDIA Corporation\NVIDIA NvDLISR;C:\Program Files\Git\cmd;C:\WINDOWS\system32;C:\WINDOWS;C:\WINDOWS\System32\Wbem;C:\WINDOWS\System32\WindowsPowerShell\v1.0;C:\WINDOWS\System32\OpenSSH;C:\ProgramData\chocolatey\bin;C:\Users\ASUS TUF GAMING\AppData\Roaming\nvm;C:\Program Files\nodejs;C:\Program Files\NVIDIA Corporation\Nsight Compute 2020.1.2;C:\Program Files\CMake\bin;C:\Users\ASUS TUF GAMING\AppData\Local\Programs\Python\Python38\Scripts;C:\Users\ASUS TUF GAMING\AppData\Local\Programs\Python\Python38;C:\Users\ASUS TUF GAMING\anaconda3\Scripts;C:\Program Files\MySQL\MySQL Shell 8.0\bin;C:\msys64\mingw64\bin;C:\Users\ASUS TUF GAMING\AppData\Local\Microsoft\WindowsApps;C:\Users\ASUS TUF GAMING\AppData\Local\GitHubDesktop\bin;C:\Program Files\JetBrains\IntelliJ IDEA Community Edition 2020.3.2\bin;C:\FlutterSDK\flutter\bin;C:\Users\ASUS TUF GAMING\AppData\Local\Programs\Microsoft VS Code\bin;C:\Users\ASUS TUF GAMING\AppData\Roaming\npm;C:\Users\ASUS TUF GAMING\AppData\Roaming\nvm;C:\Program Files\nodejs;C:\Program Files\nodejs;C:\Program Files\PostgreSQL\13\bin;C:\Program Files\PostgreSQL\13\lib;C:\Program Files\Git\usr\bin\vendor_perl;C:\Program Files\Git\usr\bin\core_perl

Yarn version: 
  1.22.17

Node version: 
  16.8.0

Platform: 
  win32 x64

Trace: 
  Error: https://registry.yarnpkg.com/method-overdrive: Not found
      at Request.params.callback [as _callback] (C:\Users\ASUS TUF GAMING\AppData\Roaming\npm\node_modules\yarn\lib\cli.js:67029:18)
      at Request.self.callback (C:\Users\ASUS TUF GAMING\AppData\Roaming\npm\node_modules\yarn\lib\cli.js:140883:22)
      at Request.emit (node:events:394:28)
      at Request.<anonymous> (C:\Users\ASUS TUF GAMING\AppData\Roaming\npm\node_modules\yarn\lib\cli.js:141855:10)
      at Request.emit (node:events:394:28)
      at IncomingMessage.<anonymous> (C:\Users\ASUS TUF GAMING\AppData\Roaming\npm\node_modules\yarn\lib\cli.js:141777:12)
      at Object.onceWrapper (node:events:513:28)
      at IncomingMessage.emit (node:events:406:35)
      at endReadableNT (node:internal/streams/readable:1343:12)
      at processTicksAndRejections (node:internal/process/task_queues:83:21)

npm manifest: 
  {
    "name": "backend-api",
    "version": "1.0.0",
    "description": "REST API Node JS (MERN Stack)",
    "main": "index.js",
    "scripts": {
      "test": "echo \"Error: no test specified\" && exit 1",
      "start": "nodemon index.js"
    },
    "author": "Khairunnisa",
    "license": "ISC",
    "dependencies": {
      "body-parser": "^1.19.0",
      "express": "^4.17.1",
      "express-validator": "^6.13.0",
      "mongoose": "^6.0.13",
      "multer": "^1.4.3",
      "nodemon": "^2.0.15"
    }
  }

yarn manifest: 
  No manifest

Lockfile: 
  No lockfile
